# JRE version: OpenJDK Runtime Environment (8.0_91-b14) (build 1.8.0_91-3-ojdkbuild-b14)
# Java VM: OpenJDK 64-Bit Server VM (25.91-b14 mixed mode windows-amd64 compressed oops)
Heap:
 PSYoungGen      total 244224K, used 38737K [0x00000000d6100000, 0x00000000e8500000, 0x0000000100000000)
  eden space 226816K, 13% used [0x00000000d6100000,0x00000000d7dda6a0,0x00000000e3e80000)
  from space 17408K, 52% used [0x00000000e3e80000,0x00000000e477a108,0x00000000e4f80000)
  to   space 16384K, 0% used [0x00000000e7500000,0x00000000e7500000,0x00000000e8500000)
 ParOldGen       total 99328K, used 29884K [0x0000000082200000, 0x0000000088300000, 0x00000000d6100000)
  object space 99328K, 30% used [0x0000000082200000,0x0000000083f2f3e0,0x0000000088300000)
 Metaspace       used 54244K, capacity 56804K, committed 56920K, reserved 1097728K
  class space    used 7259K, capacity 7753K, committed 7808K, reserved 1048576K
GC Heap History (10 events):
Event: 8.391 GC heap before
{Heap before GC invocations=12 (full 2):
 PSYoungGen      total 162816K, used 150016K [0x00000000d6100000, 0x00000000e4000000, 0x0000000100000000)
  eden space 150016K, 100% used [0x00000000d6100000,0x00000000df380000,0x00000000df380000)
  from space 12800K, 0% used [0x00000000df380000,0x00000000df380000,0x00000000e0000000)
  to   space 14336K, 0% used [0x00000000e3200000,0x00000000e3200000,0x00000000e4000000)
 ParOldGen       total 99328K, used 22388K [0x0000000082200000, 0x0000000088300000, 0x00000000d6100000)
  object space 99328K, 22% used [0x0000000082200000,0x00000000837dd2f0,0x0000000088300000)
 Metaspace       used 46138K, capacity 48188K, committed 48216K, reserved 1091584K
  class space    used 6114K, capacity 6514K, committed 6528K, reserved 1048576K
Event: 8.417 GC heap after
Heap after GC invocations=12 (full 2):
 PSYoungGen      total 201728K, used 14323K [0x00000000d6100000, 0x00000000e4000000, 0x0000000100000000)
  eden space 187392K, 0% used [0x00000000d6100000,0x00000000d6100000,0x00000000e1800000)
  from space 14336K, 99% used [0x00000000e3200000,0x00000000e3ffcf78,0x00000000e4000000)
  to   space 16896K, 0% used [0x00000000e1f00000,0x00000000e1f00000,0x00000000e2f80000)
 ParOldGen       total 99328K, used 24725K [0x0000000082200000, 0x0000000088300000, 0x00000000d6100000)
  object space 99328K, 24% used [0x0000000082200000,0x0000000083a25530,0x0000000088300000)
 Metaspace       used 46138K, capacity 48188K, committed 48216K, reserved 1091584K
  class space    used 6114K, capacity 6514K, committed 6528K, reserved 1048576K
}
Event: 52.190 GC heap before
{Heap before GC invocations=13 (full 2):
 PSYoungGen      total 201728K, used 201715K [0x00000000d6100000, 0x00000000e4000000, 0x0000000100000000)
  eden space 187392K, 100% used [0x00000000d6100000,0x00000000e1800000,0x00000000e1800000)
  from space 14336K, 99% used [0x00000000e3200000,0x00000000e3ffcf78,0x00000000e4000000)
  to   space 16896K, 0% used [0x00000000e1f00000,0x00000000e1f00000,0x00000000e2f80000)
 ParOldGen       total 99328K, used 24725K [0x0000000082200000, 0x0000000088300000, 0x00000000d6100000)
  object space 99328K, 24% used [0x0000000082200000,0x0000000083a25530,0x0000000088300000)
 Metaspace       used 53520K, capacity 55948K, committed 56024K, reserved 1097728K
  class space    used 7138K, capacity 7610K, committed 7680K, reserved 1048576K
Event: 52.212 GC heap after
Heap after GC invocations=13 (full 2):
 PSYoungGen      total 211456K, used 13499K [0x00000000d6100000, 0x00000000e6180000, 0x0000000100000000)
  eden space 194560K, 0% used [0x00000000d6100000,0x00000000d6100000,0x00000000e1f00000)
  from space 16896K, 79% used [0x00000000e1f00000,0x00000000e2c2ede8,0x00000000e2f80000)
  to   space 17920K, 0% used [0x00000000e5000000,0x00000000e5000000,0x00000000e6180000)
 ParOldGen       total 99328K, used 30714K [0x0000000082200000, 0x0000000088300000, 0x00000000d6100000)
  object space 99328K, 30% used [0x0000000082200000,0x0000000083ffeb00,0x0000000088300000)
 Metaspace       used 53520K, capacity 55948K, committed 56024K, reserved 1097728K
  class space    used 7138K, capacity 7610K, committed 7680K, reserved 1048576K
}
Event: 355.793 GC heap before
{Heap before GC invocations=14 (full 2):
 PSYoungGen      total 211456K, used 43511K [0x00000000d6100000, 0x00000000e6180000, 0x0000000100000000)
  eden space 194560K, 15% used [0x00000000d6100000,0x00000000d7e4f188,0x00000000e1f00000)
  from space 16896K, 79% used [0x00000000e1f00000,0x00000000e2c2ede8,0x00000000e2f80000)
  to   space 17920K, 0% used [0x00000000e5000000,0x00000000e5000000,0x00000000e6180000)
 ParOldGen       total 99328K, used 30714K [0x0000000082200000, 0x0000000088300000, 0x00000000d6100000)
  object space 99328K, 30% used [0x0000000082200000,0x0000000083ffeb00,0x0000000088300000)
 Metaspace       used 53908K, capacity 56406K, committed 56664K, reserved 1097728K
  class space    used 7216K, capacity 7688K, committed 7808K, reserved 1048576K
Event: 355.806 GC heap after
Heap after GC invocations=14 (full 2):
 PSYoungGen      total 243712K, used 7520K [0x00000000d6100000, 0x00000000e6080000, 0x0000000100000000)
  eden space 226816K, 0% used [0x00000000d6100000,0x00000000d6100000,0x00000000e3e80000)
  from space 16896K, 44% used [0x00000000e5000000,0x00000000e5758010,0x00000000e6080000)
  to   space 17408K, 0% used [0x00000000e3e80000,0x00000000e3e80000,0x00000000e4f80000)
 ParOldGen       total 99328K, used 30722K [0x0000000082200000, 0x0000000088300000, 0x00000000d6100000)
  object space 99328K, 30% used [0x0000000082200000,0x0000000084000b00,0x0000000088300000)
 Metaspace       used 53908K, capacity 56406K, committed 56664K, reserved 1097728K
  class space    used 7216K, capacity 7688K, committed 7808K, reserved 1048576K
}
Event: 355.806 GC heap before
{Heap before GC invocations=15 (full 3):
 PSYoungGen      total 243712K, used 7520K [0x00000000d6100000, 0x00000000e6080000, 0x0000000100000000)
  eden space 226816K, 0% used [0x00000000d6100000,0x00000000d6100000,0x00000000e3e80000)
  from space 16896K, 44% used [0x00000000e5000000,0x00000000e5758010,0x00000000e6080000)
  to   space 17408K, 0% used [0x00000000e3e80000,0x00000000e3e80000,0x00000000e4f80000)
 ParOldGen       total 99328K, used 30722K [0x0000000082200000, 0x0000000088300000, 0x00000000d6100000)
  object space 99328K, 30% used [0x0000000082200000,0x0000000084000b00,0x0000000088300000)
 Metaspace       used 53908K, capacity 56406K, committed 56664K, reserved 1097728K
  class space    used 7216K, capacity 7688K, committed 7808K, reserved 1048576K
Event: 356.009 GC heap after
Heap after GC invocations=15 (full 3):
 PSYoungGen      total 243712K, used 0K [0x00000000d6100000, 0x00000000e6080000, 0x0000000100000000)
  eden space 226816K, 0% used [0x00000000d6100000,0x00000000d6100000,0x00000000e3e80000)
  from space 16896K, 0% used [0x00000000e5000000,0x00000000e5000000,0x00000000e6080000)
  to   space 17408K, 0% used [0x00000000e3e80000,0x00000000e3e80000,0x00000000e4f80000)
 ParOldGen       total 99328K, used 29876K [0x0000000082200000, 0x0000000088300000, 0x00000000d6100000)
  object space 99328K, 30% used [0x0000000082200000,0x0000000083f2d3e0,0x0000000088300000)
 Metaspace       used 53908K, capacity 56406K, committed 56664K, reserved 1097728K
  class space    used 7216K, capacity 7688K, committed 7808K, reserved 1048576K
}
Event: 1164.639 GC heap before
{Heap before GC invocations=16 (full 3):
 PSYoungGen      total 243712K, used 226816K [0x00000000d6100000, 0x00000000e6080000, 0x0000000100000000)
  eden space 226816K, 100% used [0x00000000d6100000,0x00000000e3e80000,0x00000000e3e80000)
  from space 16896K, 0% used [0x00000000e5000000,0x00000000e5000000,0x00000000e6080000)
  to   space 17408K, 0% used [0x00000000e3e80000,0x00000000e3e80000,0x00000000e4f80000)
 ParOldGen       total 99328K, used 29876K [0x0000000082200000, 0x0000000088300000, 0x00000000d6100000)
  object space 99328K, 30% used [0x0000000082200000,0x0000000083f2d3e0,0x0000000088300000)
 Metaspace       used 54204K, capacity 56804K, committed 56920K, reserved 1097728K
  class space    used 7257K, capacity 7753K, committed 7808K, reserved 1048576K
Event: 1164.668 GC heap after
Heap after GC invocations=16 (full 3):
 PSYoungGen      total 244224K, used 9192K [0x00000000d6100000, 0x00000000e8500000, 0x0000000100000000)
  eden space 226816K, 0% used [0x00000000d6100000,0x00000000d6100000,0x00000000e3e80000)
  from space 17408K, 52% used [0x00000000e3e80000,0x00000000e477a108,0x00000000e4f80000)
  to   space 16384K, 0% used [0x00000000e7500000,0x00000000e7500000,0x00000000e8500000)
 ParOldGen       total 99328K, used 29884K [0x0000000082200000, 0x0000000088300000, 0x00000000d6100000)
  object space 99328K, 30% used [0x0000000082200000,0x0000000083f2f3e0,0x0000000088300000)
 Metaspace       used 54204K, capacity 56804K, committed 56920K, reserved 1097728K
  class space    used 7257K, capacity 7753K, committed 7808K, reserved 1048576K
}

